2023-03-21 01:08:00.288 [main] INFO  org.example.Calculator - [SQ ROOT] - 3.0
2023-03-21 01:08:00.292 [main] INFO  org.example.Calculator - [RESULT - SQ ROOT] - 1.7320508075688772
2023-03-21 01:08:00.292 [main] INFO  org.example.Calculator - [SQ ROOT] - 4.0
2023-03-21 01:08:00.293 [main] INFO  org.example.Calculator - [RESULT - SQ ROOT] - 2.0
2023-03-21 01:08:00.294 [main] INFO  org.example.Calculator - [NATURAL LOG] - 1.0
2023-03-21 01:08:00.295 [main] INFO  org.example.Calculator - [RESULT - NATURAL LOG] - 0.0
2023-03-21 01:08:00.295 [main] INFO  org.example.Calculator - [NATURAL LOG] - 300.0
2023-03-21 01:08:00.295 [main] INFO  org.example.Calculator - [RESULT - NATURAL LOG] - 5.703782474656201
2023-03-21 01:08:00.296 [main] INFO  org.example.Calculator - [NATURAL LOG] - 2.4
2023-03-21 01:08:00.297 [main] INFO  org.example.Calculator - [RESULT - NATURAL LOG] - 0.8754687373538999
2023-03-21 01:08:00.297 [main] INFO  org.example.Calculator - [NATURAL LOG] - 2.1
2023-03-21 01:08:00.297 [main] INFO  org.example.Calculator - [RESULT - NATURAL LOG] - 0.7419373447293773
2023-03-21 01:08:00.298 [main] INFO  org.example.Calculator - [FACTORIAL] - 3
2023-03-21 01:08:00.299 [main] INFO  org.example.Calculator - [RESULT - FACTORIAL] - 6
2023-03-21 01:08:00.299 [main] INFO  org.example.Calculator - [FACTORIAL] - 6
2023-03-21 01:08:00.299 [main] INFO  org.example.Calculator - [RESULT - FACTORIAL] - 720
2023-03-21 01:08:00.300 [main] INFO  org.example.Calculator - [FACTORIAL] - 5
2023-03-21 01:08:00.301 [main] INFO  org.example.Calculator - [RESULT - FACTORIAL] - 120
2023-03-21 01:08:00.301 [main] INFO  org.example.Calculator - [FACTORIAL] - 10
2023-03-21 01:08:00.301 [main] INFO  org.example.Calculator - [RESULT - FACTORIAL] - 3628800
2023-03-21 01:08:00.302 [main] INFO  org.example.Calculator - [POWER - 2.0 RAISED TO] 5.0
2023-03-21 01:08:00.303 [main] INFO  org.example.Calculator - [RESULT - POWER] - 32.0
2023-03-21 01:08:00.303 [main] INFO  org.example.Calculator - [POWER - 9.0 RAISED TO] 2.0
2023-03-21 01:08:00.303 [main] INFO  org.example.Calculator - [RESULT - POWER] - 81.0
2023-03-21 01:08:00.304 [main] INFO  org.example.Calculator - [POWER - 2.0 RAISED TO] 2.0
2023-03-21 01:08:00.304 [main] INFO  org.example.Calculator - [RESULT - POWER] - 4.0
2023-03-21 01:08:00.305 [main] INFO  org.example.Calculator - [POWER - -2.0 RAISED TO] 20.0
2023-03-21 01:08:00.305 [main] INFO  org.example.Calculator - [RESULT - POWER] - 1048576.0
2023-03-21 01:08:00.306 [main] INFO  org.example.Calculator - [SQ ROOT] - 121.0
2023-03-21 01:08:00.306 [main] INFO  org.example.Calculator - [RESULT - SQ ROOT] - 11.0
2023-03-21 01:08:00.307 [main] INFO  org.example.Calculator - [SQ ROOT] - 14641.0
2023-03-21 01:08:00.307 [main] INFO  org.example.Calculator - [RESULT - SQ ROOT] - 121.0
